ARM GAS  C:\Users\AD951~1.SEM\AppData\Local\Temp\ccYAKgGH.s 			page 1


   1              		.cpu cortex-m3
   2              		.eabi_attribute 20, 1
   3              		.eabi_attribute 21, 1
   4              		.eabi_attribute 23, 3
   5              		.eabi_attribute 24, 1
   6              		.eabi_attribute 25, 1
   7              		.eabi_attribute 26, 1
   8              		.eabi_attribute 30, 1
   9              		.eabi_attribute 34, 1
  10              		.eabi_attribute 18, 4
  11              		.file	"stm32f1xx_hal_msp.c"
  12              		.text
  13              	.Ltext0:
  14              		.cfi_sections	.debug_frame
  15              		.section	.text.HAL_MspInit,"ax",%progbits
  16              		.align	1
  17              		.global	HAL_MspInit
  18              		.arch armv7-m
  19              		.syntax unified
  20              		.thumb
  21              		.thumb_func
  22              		.fpu softvfp
  24              	HAL_MspInit:
  25              	.LFB72:
  26              		.file 1 "Core/Src/stm32f1xx_hal_msp.c"
   1:Core/Src/stm32f1xx_hal_msp.c **** /* USER CODE BEGIN Header */
   2:Core/Src/stm32f1xx_hal_msp.c **** /**
   3:Core/Src/stm32f1xx_hal_msp.c ****   ******************************************************************************
   4:Core/Src/stm32f1xx_hal_msp.c ****   * @file         stm32f1xx_hal_msp.c
   5:Core/Src/stm32f1xx_hal_msp.c ****   * @brief        This file provides code for the MSP Initialization
   6:Core/Src/stm32f1xx_hal_msp.c ****   *               and de-Initialization codes.
   7:Core/Src/stm32f1xx_hal_msp.c ****   ******************************************************************************
   8:Core/Src/stm32f1xx_hal_msp.c ****   * @attention
   9:Core/Src/stm32f1xx_hal_msp.c ****   *
  10:Core/Src/stm32f1xx_hal_msp.c ****   * <h2><center>&copy; Copyright (c) 2021 STMicroelectronics.
  11:Core/Src/stm32f1xx_hal_msp.c ****   * All rights reserved.</center></h2>
  12:Core/Src/stm32f1xx_hal_msp.c ****   *
  13:Core/Src/stm32f1xx_hal_msp.c ****   * This software component is licensed by ST under BSD 3-Clause license,
  14:Core/Src/stm32f1xx_hal_msp.c ****   * the "License"; You may not use this file except in compliance with the
  15:Core/Src/stm32f1xx_hal_msp.c ****   * License. You may obtain a copy of the License at:
  16:Core/Src/stm32f1xx_hal_msp.c ****   *                        opensource.org/licenses/BSD-3-Clause
  17:Core/Src/stm32f1xx_hal_msp.c ****   *
  18:Core/Src/stm32f1xx_hal_msp.c ****   ******************************************************************************
  19:Core/Src/stm32f1xx_hal_msp.c ****   */
  20:Core/Src/stm32f1xx_hal_msp.c **** /* USER CODE END Header */
  21:Core/Src/stm32f1xx_hal_msp.c **** 
  22:Core/Src/stm32f1xx_hal_msp.c **** /* Includes ------------------------------------------------------------------*/
  23:Core/Src/stm32f1xx_hal_msp.c **** #include "main.h"
  24:Core/Src/stm32f1xx_hal_msp.c **** /* USER CODE BEGIN Includes */
  25:Core/Src/stm32f1xx_hal_msp.c **** 
  26:Core/Src/stm32f1xx_hal_msp.c **** /* USER CODE END Includes */
  27:Core/Src/stm32f1xx_hal_msp.c **** 
  28:Core/Src/stm32f1xx_hal_msp.c **** /* Private typedef -----------------------------------------------------------*/
  29:Core/Src/stm32f1xx_hal_msp.c **** /* USER CODE BEGIN TD */
  30:Core/Src/stm32f1xx_hal_msp.c **** 
  31:Core/Src/stm32f1xx_hal_msp.c **** /* USER CODE END TD */
  32:Core/Src/stm32f1xx_hal_msp.c **** 
ARM GAS  C:\Users\AD951~1.SEM\AppData\Local\Temp\ccYAKgGH.s 			page 2


  33:Core/Src/stm32f1xx_hal_msp.c **** /* Private define ------------------------------------------------------------*/
  34:Core/Src/stm32f1xx_hal_msp.c **** /* USER CODE BEGIN Define */
  35:Core/Src/stm32f1xx_hal_msp.c **** 
  36:Core/Src/stm32f1xx_hal_msp.c **** /* USER CODE END Define */
  37:Core/Src/stm32f1xx_hal_msp.c **** 
  38:Core/Src/stm32f1xx_hal_msp.c **** /* Private macro -------------------------------------------------------------*/
  39:Core/Src/stm32f1xx_hal_msp.c **** /* USER CODE BEGIN Macro */
  40:Core/Src/stm32f1xx_hal_msp.c **** 
  41:Core/Src/stm32f1xx_hal_msp.c **** /* USER CODE END Macro */
  42:Core/Src/stm32f1xx_hal_msp.c **** 
  43:Core/Src/stm32f1xx_hal_msp.c **** /* Private variables ---------------------------------------------------------*/
  44:Core/Src/stm32f1xx_hal_msp.c **** /* USER CODE BEGIN PV */
  45:Core/Src/stm32f1xx_hal_msp.c **** 
  46:Core/Src/stm32f1xx_hal_msp.c **** /* USER CODE END PV */
  47:Core/Src/stm32f1xx_hal_msp.c **** 
  48:Core/Src/stm32f1xx_hal_msp.c **** /* Private function prototypes -----------------------------------------------*/
  49:Core/Src/stm32f1xx_hal_msp.c **** /* USER CODE BEGIN PFP */
  50:Core/Src/stm32f1xx_hal_msp.c **** 
  51:Core/Src/stm32f1xx_hal_msp.c **** /* USER CODE END PFP */
  52:Core/Src/stm32f1xx_hal_msp.c **** 
  53:Core/Src/stm32f1xx_hal_msp.c **** /* External functions --------------------------------------------------------*/
  54:Core/Src/stm32f1xx_hal_msp.c **** /* USER CODE BEGIN ExternalFunctions */
  55:Core/Src/stm32f1xx_hal_msp.c **** 
  56:Core/Src/stm32f1xx_hal_msp.c **** /* USER CODE END ExternalFunctions */
  57:Core/Src/stm32f1xx_hal_msp.c **** 
  58:Core/Src/stm32f1xx_hal_msp.c **** /* USER CODE BEGIN 0 */
  59:Core/Src/stm32f1xx_hal_msp.c **** 
  60:Core/Src/stm32f1xx_hal_msp.c **** /* USER CODE END 0 */
  61:Core/Src/stm32f1xx_hal_msp.c **** /**
  62:Core/Src/stm32f1xx_hal_msp.c ****   * Initializes the Global MSP.
  63:Core/Src/stm32f1xx_hal_msp.c ****   */
  64:Core/Src/stm32f1xx_hal_msp.c **** void HAL_MspInit(void)
  65:Core/Src/stm32f1xx_hal_msp.c **** {
  27              		.loc 1 65 1 view -0
  28              		.cfi_startproc
  29              		@ args = 0, pretend = 0, frame = 8
  30              		@ frame_needed = 0, uses_anonymous_args = 0
  31              		@ link register save eliminated.
  32 0000 82B0     		sub	sp, sp, #8
  33              	.LCFI0:
  34              		.cfi_def_cfa_offset 8
  66:Core/Src/stm32f1xx_hal_msp.c ****   /* USER CODE BEGIN MspInit 0 */
  67:Core/Src/stm32f1xx_hal_msp.c **** 
  68:Core/Src/stm32f1xx_hal_msp.c ****   /* USER CODE END MspInit 0 */
  69:Core/Src/stm32f1xx_hal_msp.c **** 
  70:Core/Src/stm32f1xx_hal_msp.c ****   __HAL_RCC_AFIO_CLK_ENABLE();
  35              		.loc 1 70 3 view .LVU1
  36              	.LBB2:
  37              		.loc 1 70 3 view .LVU2
  38              		.loc 1 70 3 view .LVU3
  39 0002 0D4B     		ldr	r3, .L3
  40 0004 9A69     		ldr	r2, [r3, #24]
  41 0006 42F00102 		orr	r2, r2, #1
  42 000a 9A61     		str	r2, [r3, #24]
  43              		.loc 1 70 3 view .LVU4
  44 000c 9A69     		ldr	r2, [r3, #24]
  45 000e 02F00102 		and	r2, r2, #1
ARM GAS  C:\Users\AD951~1.SEM\AppData\Local\Temp\ccYAKgGH.s 			page 3


  46 0012 0092     		str	r2, [sp]
  47              		.loc 1 70 3 view .LVU5
  48 0014 009A     		ldr	r2, [sp]
  49              	.LBE2:
  71:Core/Src/stm32f1xx_hal_msp.c ****   __HAL_RCC_PWR_CLK_ENABLE();
  50              		.loc 1 71 3 view .LVU6
  51              	.LBB3:
  52              		.loc 1 71 3 view .LVU7
  53              		.loc 1 71 3 view .LVU8
  54 0016 DA69     		ldr	r2, [r3, #28]
  55 0018 42F08052 		orr	r2, r2, #268435456
  56 001c DA61     		str	r2, [r3, #28]
  57              		.loc 1 71 3 view .LVU9
  58 001e DB69     		ldr	r3, [r3, #28]
  59 0020 03F08053 		and	r3, r3, #268435456
  60 0024 0193     		str	r3, [sp, #4]
  61              		.loc 1 71 3 view .LVU10
  62 0026 019B     		ldr	r3, [sp, #4]
  63              	.LBE3:
  72:Core/Src/stm32f1xx_hal_msp.c **** 
  73:Core/Src/stm32f1xx_hal_msp.c ****   /* System interrupt init*/
  74:Core/Src/stm32f1xx_hal_msp.c **** 
  75:Core/Src/stm32f1xx_hal_msp.c ****   /** ENABLE: Full SWJ (JTAG-DP + SW-DP): Reset State
  76:Core/Src/stm32f1xx_hal_msp.c ****   */
  77:Core/Src/stm32f1xx_hal_msp.c ****   __HAL_AFIO_REMAP_SWJ_ENABLE();
  64              		.loc 1 77 3 view .LVU11
  65              	.LBB4:
  66              		.loc 1 77 3 view .LVU12
  67 0028 044A     		ldr	r2, .L3+4
  68 002a 5368     		ldr	r3, [r2, #4]
  69              	.LVL0:
  70              		.loc 1 77 3 view .LVU13
  71 002c 23F0E063 		bic	r3, r3, #117440512
  72              	.LVL1:
  73              		.loc 1 77 3 view .LVU14
  74              		.loc 1 77 3 view .LVU15
  75 0030 5360     		str	r3, [r2, #4]
  76              	.LBE4:
  78:Core/Src/stm32f1xx_hal_msp.c **** 
  79:Core/Src/stm32f1xx_hal_msp.c ****   /* USER CODE BEGIN MspInit 1 */
  80:Core/Src/stm32f1xx_hal_msp.c **** 
  81:Core/Src/stm32f1xx_hal_msp.c ****   /* USER CODE END MspInit 1 */
  82:Core/Src/stm32f1xx_hal_msp.c **** }
  77              		.loc 1 82 1 is_stmt 0 view .LVU16
  78 0032 02B0     		add	sp, sp, #8
  79              	.LCFI1:
  80              		.cfi_def_cfa_offset 0
  81              		@ sp needed
  82 0034 7047     		bx	lr
  83              	.L4:
  84 0036 00BF     		.align	2
  85              	.L3:
  86 0038 00100240 		.word	1073876992
  87 003c 00000140 		.word	1073807360
  88              		.cfi_endproc
  89              	.LFE72:
  91              		.section	.text.HAL_UART_MspInit,"ax",%progbits
ARM GAS  C:\Users\AD951~1.SEM\AppData\Local\Temp\ccYAKgGH.s 			page 4


  92              		.align	1
  93              		.global	HAL_UART_MspInit
  94              		.syntax unified
  95              		.thumb
  96              		.thumb_func
  97              		.fpu softvfp
  99              	HAL_UART_MspInit:
 100              	.LVL2:
 101              	.LFB73:
  83:Core/Src/stm32f1xx_hal_msp.c **** 
  84:Core/Src/stm32f1xx_hal_msp.c **** /**
  85:Core/Src/stm32f1xx_hal_msp.c **** * @brief UART MSP Initialization
  86:Core/Src/stm32f1xx_hal_msp.c **** * This function configures the hardware resources used in this example
  87:Core/Src/stm32f1xx_hal_msp.c **** * @param huart: UART handle pointer
  88:Core/Src/stm32f1xx_hal_msp.c **** * @retval None
  89:Core/Src/stm32f1xx_hal_msp.c **** */
  90:Core/Src/stm32f1xx_hal_msp.c **** void HAL_UART_MspInit(UART_HandleTypeDef* huart)
  91:Core/Src/stm32f1xx_hal_msp.c **** {
 102              		.loc 1 91 1 is_stmt 1 view -0
 103              		.cfi_startproc
 104              		@ args = 0, pretend = 0, frame = 24
 105              		@ frame_needed = 0, uses_anonymous_args = 0
 106              		.loc 1 91 1 is_stmt 0 view .LVU18
 107 0000 30B5     		push	{r4, r5, lr}
 108              	.LCFI2:
 109              		.cfi_def_cfa_offset 12
 110              		.cfi_offset 4, -12
 111              		.cfi_offset 5, -8
 112              		.cfi_offset 14, -4
 113 0002 87B0     		sub	sp, sp, #28
 114              	.LCFI3:
 115              		.cfi_def_cfa_offset 40
  92:Core/Src/stm32f1xx_hal_msp.c ****   GPIO_InitTypeDef GPIO_InitStruct = {0};
 116              		.loc 1 92 3 is_stmt 1 view .LVU19
 117              		.loc 1 92 20 is_stmt 0 view .LVU20
 118 0004 0023     		movs	r3, #0
 119 0006 0293     		str	r3, [sp, #8]
 120 0008 0393     		str	r3, [sp, #12]
 121 000a 0493     		str	r3, [sp, #16]
 122 000c 0593     		str	r3, [sp, #20]
  93:Core/Src/stm32f1xx_hal_msp.c ****   if(huart->Instance==USART1)
 123              		.loc 1 93 3 is_stmt 1 view .LVU21
 124              		.loc 1 93 11 is_stmt 0 view .LVU22
 125 000e 0268     		ldr	r2, [r0]
 126              		.loc 1 93 5 view .LVU23
 127 0010 1B4B     		ldr	r3, .L9
 128 0012 9A42     		cmp	r2, r3
 129 0014 01D0     		beq	.L8
 130              	.LVL3:
 131              	.L5:
  94:Core/Src/stm32f1xx_hal_msp.c ****   {
  95:Core/Src/stm32f1xx_hal_msp.c ****   /* USER CODE BEGIN USART1_MspInit 0 */
  96:Core/Src/stm32f1xx_hal_msp.c **** 
  97:Core/Src/stm32f1xx_hal_msp.c ****   /* USER CODE END USART1_MspInit 0 */
  98:Core/Src/stm32f1xx_hal_msp.c ****     /* Peripheral clock enable */
  99:Core/Src/stm32f1xx_hal_msp.c ****     __HAL_RCC_USART1_CLK_ENABLE();
 100:Core/Src/stm32f1xx_hal_msp.c **** 
ARM GAS  C:\Users\AD951~1.SEM\AppData\Local\Temp\ccYAKgGH.s 			page 5


 101:Core/Src/stm32f1xx_hal_msp.c ****     __HAL_RCC_GPIOA_CLK_ENABLE();
 102:Core/Src/stm32f1xx_hal_msp.c ****     /**USART1 GPIO Configuration
 103:Core/Src/stm32f1xx_hal_msp.c ****     PA9     ------> USART1_TX
 104:Core/Src/stm32f1xx_hal_msp.c ****     PA10     ------> USART1_RX
 105:Core/Src/stm32f1xx_hal_msp.c ****     */
 106:Core/Src/stm32f1xx_hal_msp.c ****     GPIO_InitStruct.Pin = GPIO_PIN_9;
 107:Core/Src/stm32f1xx_hal_msp.c ****     GPIO_InitStruct.Mode = GPIO_MODE_AF_PP;
 108:Core/Src/stm32f1xx_hal_msp.c ****     GPIO_InitStruct.Speed = GPIO_SPEED_FREQ_HIGH;
 109:Core/Src/stm32f1xx_hal_msp.c ****     HAL_GPIO_Init(GPIOA, &GPIO_InitStruct);
 110:Core/Src/stm32f1xx_hal_msp.c **** 
 111:Core/Src/stm32f1xx_hal_msp.c ****     GPIO_InitStruct.Pin = GPIO_PIN_10;
 112:Core/Src/stm32f1xx_hal_msp.c ****     GPIO_InitStruct.Mode = GPIO_MODE_INPUT;
 113:Core/Src/stm32f1xx_hal_msp.c ****     GPIO_InitStruct.Pull = GPIO_NOPULL;
 114:Core/Src/stm32f1xx_hal_msp.c ****     HAL_GPIO_Init(GPIOA, &GPIO_InitStruct);
 115:Core/Src/stm32f1xx_hal_msp.c **** 
 116:Core/Src/stm32f1xx_hal_msp.c ****     /* USART1 interrupt Init */
 117:Core/Src/stm32f1xx_hal_msp.c ****     HAL_NVIC_SetPriority(USART1_IRQn, 0, 0);
 118:Core/Src/stm32f1xx_hal_msp.c ****     HAL_NVIC_EnableIRQ(USART1_IRQn);
 119:Core/Src/stm32f1xx_hal_msp.c ****   /* USER CODE BEGIN USART1_MspInit 1 */
 120:Core/Src/stm32f1xx_hal_msp.c **** 
 121:Core/Src/stm32f1xx_hal_msp.c ****   /* USER CODE END USART1_MspInit 1 */
 122:Core/Src/stm32f1xx_hal_msp.c ****   }
 123:Core/Src/stm32f1xx_hal_msp.c **** 
 124:Core/Src/stm32f1xx_hal_msp.c **** }
 132              		.loc 1 124 1 view .LVU24
 133 0016 07B0     		add	sp, sp, #28
 134              	.LCFI4:
 135              		.cfi_remember_state
 136              		.cfi_def_cfa_offset 12
 137              		@ sp needed
 138 0018 30BD     		pop	{r4, r5, pc}
 139              	.LVL4:
 140              	.L8:
 141              	.LCFI5:
 142              		.cfi_restore_state
  99:Core/Src/stm32f1xx_hal_msp.c **** 
 143              		.loc 1 99 5 is_stmt 1 view .LVU25
 144              	.LBB5:
  99:Core/Src/stm32f1xx_hal_msp.c **** 
 145              		.loc 1 99 5 view .LVU26
  99:Core/Src/stm32f1xx_hal_msp.c **** 
 146              		.loc 1 99 5 view .LVU27
 147 001a 03F55843 		add	r3, r3, #55296
 148 001e 9A69     		ldr	r2, [r3, #24]
 149 0020 42F48042 		orr	r2, r2, #16384
 150 0024 9A61     		str	r2, [r3, #24]
  99:Core/Src/stm32f1xx_hal_msp.c **** 
 151              		.loc 1 99 5 view .LVU28
 152 0026 9A69     		ldr	r2, [r3, #24]
 153 0028 02F48042 		and	r2, r2, #16384
 154 002c 0092     		str	r2, [sp]
  99:Core/Src/stm32f1xx_hal_msp.c **** 
 155              		.loc 1 99 5 view .LVU29
 156 002e 009A     		ldr	r2, [sp]
 157              	.LBE5:
 101:Core/Src/stm32f1xx_hal_msp.c ****     /**USART1 GPIO Configuration
 158              		.loc 1 101 5 view .LVU30
ARM GAS  C:\Users\AD951~1.SEM\AppData\Local\Temp\ccYAKgGH.s 			page 6


 159              	.LBB6:
 101:Core/Src/stm32f1xx_hal_msp.c ****     /**USART1 GPIO Configuration
 160              		.loc 1 101 5 view .LVU31
 101:Core/Src/stm32f1xx_hal_msp.c ****     /**USART1 GPIO Configuration
 161              		.loc 1 101 5 view .LVU32
 162 0030 9A69     		ldr	r2, [r3, #24]
 163 0032 42F00402 		orr	r2, r2, #4
 164 0036 9A61     		str	r2, [r3, #24]
 101:Core/Src/stm32f1xx_hal_msp.c ****     /**USART1 GPIO Configuration
 165              		.loc 1 101 5 view .LVU33
 166 0038 9B69     		ldr	r3, [r3, #24]
 167 003a 03F00403 		and	r3, r3, #4
 168 003e 0193     		str	r3, [sp, #4]
 101:Core/Src/stm32f1xx_hal_msp.c ****     /**USART1 GPIO Configuration
 169              		.loc 1 101 5 view .LVU34
 170 0040 019B     		ldr	r3, [sp, #4]
 171              	.LBE6:
 106:Core/Src/stm32f1xx_hal_msp.c ****     GPIO_InitStruct.Mode = GPIO_MODE_AF_PP;
 172              		.loc 1 106 5 view .LVU35
 106:Core/Src/stm32f1xx_hal_msp.c ****     GPIO_InitStruct.Mode = GPIO_MODE_AF_PP;
 173              		.loc 1 106 25 is_stmt 0 view .LVU36
 174 0042 4FF40073 		mov	r3, #512
 175 0046 0293     		str	r3, [sp, #8]
 107:Core/Src/stm32f1xx_hal_msp.c ****     GPIO_InitStruct.Speed = GPIO_SPEED_FREQ_HIGH;
 176              		.loc 1 107 5 is_stmt 1 view .LVU37
 107:Core/Src/stm32f1xx_hal_msp.c ****     GPIO_InitStruct.Speed = GPIO_SPEED_FREQ_HIGH;
 177              		.loc 1 107 26 is_stmt 0 view .LVU38
 178 0048 0223     		movs	r3, #2
 179 004a 0393     		str	r3, [sp, #12]
 108:Core/Src/stm32f1xx_hal_msp.c ****     HAL_GPIO_Init(GPIOA, &GPIO_InitStruct);
 180              		.loc 1 108 5 is_stmt 1 view .LVU39
 108:Core/Src/stm32f1xx_hal_msp.c ****     HAL_GPIO_Init(GPIOA, &GPIO_InitStruct);
 181              		.loc 1 108 27 is_stmt 0 view .LVU40
 182 004c 0323     		movs	r3, #3
 183 004e 0593     		str	r3, [sp, #20]
 109:Core/Src/stm32f1xx_hal_msp.c **** 
 184              		.loc 1 109 5 is_stmt 1 view .LVU41
 185 0050 0C4D     		ldr	r5, .L9+4
 186 0052 02A9     		add	r1, sp, #8
 187 0054 2846     		mov	r0, r5
 188              	.LVL5:
 109:Core/Src/stm32f1xx_hal_msp.c **** 
 189              		.loc 1 109 5 is_stmt 0 view .LVU42
 190 0056 FFF7FEFF 		bl	HAL_GPIO_Init
 191              	.LVL6:
 111:Core/Src/stm32f1xx_hal_msp.c ****     GPIO_InitStruct.Mode = GPIO_MODE_INPUT;
 192              		.loc 1 111 5 is_stmt 1 view .LVU43
 111:Core/Src/stm32f1xx_hal_msp.c ****     GPIO_InitStruct.Mode = GPIO_MODE_INPUT;
 193              		.loc 1 111 25 is_stmt 0 view .LVU44
 194 005a 4FF48063 		mov	r3, #1024
 195 005e 0293     		str	r3, [sp, #8]
 112:Core/Src/stm32f1xx_hal_msp.c ****     GPIO_InitStruct.Pull = GPIO_NOPULL;
 196              		.loc 1 112 5 is_stmt 1 view .LVU45
 112:Core/Src/stm32f1xx_hal_msp.c ****     GPIO_InitStruct.Pull = GPIO_NOPULL;
 197              		.loc 1 112 26 is_stmt 0 view .LVU46
 198 0060 0024     		movs	r4, #0
 199 0062 0394     		str	r4, [sp, #12]
ARM GAS  C:\Users\AD951~1.SEM\AppData\Local\Temp\ccYAKgGH.s 			page 7


 113:Core/Src/stm32f1xx_hal_msp.c ****     HAL_GPIO_Init(GPIOA, &GPIO_InitStruct);
 200              		.loc 1 113 5 is_stmt 1 view .LVU47
 113:Core/Src/stm32f1xx_hal_msp.c ****     HAL_GPIO_Init(GPIOA, &GPIO_InitStruct);
 201              		.loc 1 113 26 is_stmt 0 view .LVU48
 202 0064 0494     		str	r4, [sp, #16]
 114:Core/Src/stm32f1xx_hal_msp.c **** 
 203              		.loc 1 114 5 is_stmt 1 view .LVU49
 204 0066 02A9     		add	r1, sp, #8
 205 0068 2846     		mov	r0, r5
 206 006a FFF7FEFF 		bl	HAL_GPIO_Init
 207              	.LVL7:
 117:Core/Src/stm32f1xx_hal_msp.c ****     HAL_NVIC_EnableIRQ(USART1_IRQn);
 208              		.loc 1 117 5 view .LVU50
 209 006e 2246     		mov	r2, r4
 210 0070 2146     		mov	r1, r4
 211 0072 2520     		movs	r0, #37
 212 0074 FFF7FEFF 		bl	HAL_NVIC_SetPriority
 213              	.LVL8:
 118:Core/Src/stm32f1xx_hal_msp.c ****   /* USER CODE BEGIN USART1_MspInit 1 */
 214              		.loc 1 118 5 view .LVU51
 215 0078 2520     		movs	r0, #37
 216 007a FFF7FEFF 		bl	HAL_NVIC_EnableIRQ
 217              	.LVL9:
 218              		.loc 1 124 1 is_stmt 0 view .LVU52
 219 007e CAE7     		b	.L5
 220              	.L10:
 221              		.align	2
 222              	.L9:
 223 0080 00380140 		.word	1073821696
 224 0084 00080140 		.word	1073809408
 225              		.cfi_endproc
 226              	.LFE73:
 228              		.section	.text.HAL_UART_MspDeInit,"ax",%progbits
 229              		.align	1
 230              		.global	HAL_UART_MspDeInit
 231              		.syntax unified
 232              		.thumb
 233              		.thumb_func
 234              		.fpu softvfp
 236              	HAL_UART_MspDeInit:
 237              	.LVL10:
 238              	.LFB74:
 125:Core/Src/stm32f1xx_hal_msp.c **** 
 126:Core/Src/stm32f1xx_hal_msp.c **** /**
 127:Core/Src/stm32f1xx_hal_msp.c **** * @brief UART MSP De-Initialization
 128:Core/Src/stm32f1xx_hal_msp.c **** * This function freeze the hardware resources used in this example
 129:Core/Src/stm32f1xx_hal_msp.c **** * @param huart: UART handle pointer
 130:Core/Src/stm32f1xx_hal_msp.c **** * @retval None
 131:Core/Src/stm32f1xx_hal_msp.c **** */
 132:Core/Src/stm32f1xx_hal_msp.c **** void HAL_UART_MspDeInit(UART_HandleTypeDef* huart)
 133:Core/Src/stm32f1xx_hal_msp.c **** {
 239              		.loc 1 133 1 is_stmt 1 view -0
 240              		.cfi_startproc
 241              		@ args = 0, pretend = 0, frame = 0
 242              		@ frame_needed = 0, uses_anonymous_args = 0
 243              		.loc 1 133 1 is_stmt 0 view .LVU54
 244 0000 08B5     		push	{r3, lr}
ARM GAS  C:\Users\AD951~1.SEM\AppData\Local\Temp\ccYAKgGH.s 			page 8


 245              	.LCFI6:
 246              		.cfi_def_cfa_offset 8
 247              		.cfi_offset 3, -8
 248              		.cfi_offset 14, -4
 134:Core/Src/stm32f1xx_hal_msp.c ****   if(huart->Instance==USART1)
 249              		.loc 1 134 3 is_stmt 1 view .LVU55
 250              		.loc 1 134 11 is_stmt 0 view .LVU56
 251 0002 0268     		ldr	r2, [r0]
 252              		.loc 1 134 5 view .LVU57
 253 0004 084B     		ldr	r3, .L15
 254 0006 9A42     		cmp	r2, r3
 255 0008 00D0     		beq	.L14
 256              	.LVL11:
 257              	.L11:
 135:Core/Src/stm32f1xx_hal_msp.c ****   {
 136:Core/Src/stm32f1xx_hal_msp.c ****   /* USER CODE BEGIN USART1_MspDeInit 0 */
 137:Core/Src/stm32f1xx_hal_msp.c **** 
 138:Core/Src/stm32f1xx_hal_msp.c ****   /* USER CODE END USART1_MspDeInit 0 */
 139:Core/Src/stm32f1xx_hal_msp.c ****     /* Peripheral clock disable */
 140:Core/Src/stm32f1xx_hal_msp.c ****     __HAL_RCC_USART1_CLK_DISABLE();
 141:Core/Src/stm32f1xx_hal_msp.c **** 
 142:Core/Src/stm32f1xx_hal_msp.c ****     /**USART1 GPIO Configuration
 143:Core/Src/stm32f1xx_hal_msp.c ****     PA9     ------> USART1_TX
 144:Core/Src/stm32f1xx_hal_msp.c ****     PA10     ------> USART1_RX
 145:Core/Src/stm32f1xx_hal_msp.c ****     */
 146:Core/Src/stm32f1xx_hal_msp.c ****     HAL_GPIO_DeInit(GPIOA, GPIO_PIN_9|GPIO_PIN_10);
 147:Core/Src/stm32f1xx_hal_msp.c **** 
 148:Core/Src/stm32f1xx_hal_msp.c ****     /* USART1 interrupt DeInit */
 149:Core/Src/stm32f1xx_hal_msp.c ****     HAL_NVIC_DisableIRQ(USART1_IRQn);
 150:Core/Src/stm32f1xx_hal_msp.c ****   /* USER CODE BEGIN USART1_MspDeInit 1 */
 151:Core/Src/stm32f1xx_hal_msp.c **** 
 152:Core/Src/stm32f1xx_hal_msp.c ****   /* USER CODE END USART1_MspDeInit 1 */
 153:Core/Src/stm32f1xx_hal_msp.c ****   }
 154:Core/Src/stm32f1xx_hal_msp.c **** 
 155:Core/Src/stm32f1xx_hal_msp.c **** }
 258              		.loc 1 155 1 view .LVU58
 259 000a 08BD     		pop	{r3, pc}
 260              	.LVL12:
 261              	.L14:
 140:Core/Src/stm32f1xx_hal_msp.c **** 
 262              		.loc 1 140 5 is_stmt 1 view .LVU59
 263 000c 074A     		ldr	r2, .L15+4
 264 000e 9369     		ldr	r3, [r2, #24]
 265 0010 23F48043 		bic	r3, r3, #16384
 266 0014 9361     		str	r3, [r2, #24]
 146:Core/Src/stm32f1xx_hal_msp.c **** 
 267              		.loc 1 146 5 view .LVU60
 268 0016 4FF4C061 		mov	r1, #1536
 269 001a 0548     		ldr	r0, .L15+8
 270              	.LVL13:
 146:Core/Src/stm32f1xx_hal_msp.c **** 
 271              		.loc 1 146 5 is_stmt 0 view .LVU61
 272 001c FFF7FEFF 		bl	HAL_GPIO_DeInit
 273              	.LVL14:
 149:Core/Src/stm32f1xx_hal_msp.c ****   /* USER CODE BEGIN USART1_MspDeInit 1 */
 274              		.loc 1 149 5 is_stmt 1 view .LVU62
 275 0020 2520     		movs	r0, #37
ARM GAS  C:\Users\AD951~1.SEM\AppData\Local\Temp\ccYAKgGH.s 			page 9


 276 0022 FFF7FEFF 		bl	HAL_NVIC_DisableIRQ
 277              	.LVL15:
 278              		.loc 1 155 1 is_stmt 0 view .LVU63
 279 0026 F0E7     		b	.L11
 280              	.L16:
 281              		.align	2
 282              	.L15:
 283 0028 00380140 		.word	1073821696
 284 002c 00100240 		.word	1073876992
 285 0030 00080140 		.word	1073809408
 286              		.cfi_endproc
 287              	.LFE74:
 289              		.text
 290              	.Letext0:
 291              		.file 2 "c:\\users\\a.semcov\\frameworks\\gcc-arm\\arm-none-eabi\\include\\machine\\_default_types
 292              		.file 3 "c:\\users\\a.semcov\\frameworks\\gcc-arm\\arm-none-eabi\\include\\sys\\_stdint.h"
 293              		.file 4 "Drivers/CMSIS/Include/core_cm3.h"
 294              		.file 5 "Drivers/CMSIS/Device/ST/STM32F1xx/Include/system_stm32f1xx.h"
 295              		.file 6 "Drivers/CMSIS/Device/ST/STM32F1xx/Include/stm32f103xg.h"
 296              		.file 7 "Drivers/STM32F1xx_HAL_Driver/Inc/stm32f1xx_hal_def.h"
 297              		.file 8 "Drivers/STM32F1xx_HAL_Driver/Inc/stm32f1xx_hal_gpio.h"
 298              		.file 9 "Drivers/STM32F1xx_HAL_Driver/Inc/stm32f1xx_hal_dma.h"
 299              		.file 10 "Drivers/STM32F1xx_HAL_Driver/Inc/stm32f1xx_hal_uart.h"
 300              		.file 11 "Drivers/STM32F1xx_HAL_Driver/Inc/stm32f1xx_hal.h"
 301              		.file 12 "Drivers/STM32F1xx_HAL_Driver/Inc/stm32f1xx_hal_cortex.h"
ARM GAS  C:\Users\AD951~1.SEM\AppData\Local\Temp\ccYAKgGH.s 			page 10


DEFINED SYMBOLS
                            *ABS*:0000000000000000 stm32f1xx_hal_msp.c
C:\Users\AD951~1.SEM\AppData\Local\Temp\ccYAKgGH.s:16     .text.HAL_MspInit:0000000000000000 $t
C:\Users\AD951~1.SEM\AppData\Local\Temp\ccYAKgGH.s:24     .text.HAL_MspInit:0000000000000000 HAL_MspInit
C:\Users\AD951~1.SEM\AppData\Local\Temp\ccYAKgGH.s:86     .text.HAL_MspInit:0000000000000038 $d
C:\Users\AD951~1.SEM\AppData\Local\Temp\ccYAKgGH.s:92     .text.HAL_UART_MspInit:0000000000000000 $t
C:\Users\AD951~1.SEM\AppData\Local\Temp\ccYAKgGH.s:99     .text.HAL_UART_MspInit:0000000000000000 HAL_UART_MspInit
C:\Users\AD951~1.SEM\AppData\Local\Temp\ccYAKgGH.s:223    .text.HAL_UART_MspInit:0000000000000080 $d
C:\Users\AD951~1.SEM\AppData\Local\Temp\ccYAKgGH.s:229    .text.HAL_UART_MspDeInit:0000000000000000 $t
C:\Users\AD951~1.SEM\AppData\Local\Temp\ccYAKgGH.s:236    .text.HAL_UART_MspDeInit:0000000000000000 HAL_UART_MspDeInit
C:\Users\AD951~1.SEM\AppData\Local\Temp\ccYAKgGH.s:283    .text.HAL_UART_MspDeInit:0000000000000028 $d

UNDEFINED SYMBOLS
HAL_GPIO_Init
HAL_NVIC_SetPriority
HAL_NVIC_EnableIRQ
HAL_GPIO_DeInit
HAL_NVIC_DisableIRQ
